k:\ood\proj2\codeanalyzerex\analyzer\x64\debug\vc140.pdb
k:\ood\proj2\codeanalyzerex\analyzer\x64\debug\vc140.idb
k:\ood\proj2\codeanalyzerex\analyzer\x64\debug\abstrsyntree.obj
k:\ood\proj2\codeanalyzerex\analyzer\x64\debug\filemgr.obj
k:\ood\proj2\codeanalyzerex\analyzer\x64\debug\filesystem.obj
k:\ood\proj2\codeanalyzerex\analyzer\x64\debug\grammarhelpers.obj
k:\ood\proj2\codeanalyzerex\analyzer\x64\debug\logger.obj
k:\ood\proj2\codeanalyzerex\analyzer\x64\debug\actionsandrules.obj
k:\ood\proj2\codeanalyzerex\analyzer\x64\debug\configureparser.obj
k:\ood\proj2\codeanalyzerex\analyzer\x64\debug\parser.obj
k:\ood\proj2\codeanalyzerex\analyzer\x64\debug\scopestack.obj
k:\ood\proj2\codeanalyzerex\analyzer\x64\debug\semiexp.obj
k:\ood\proj2\codeanalyzerex\analyzer\x64\debug\tokenizer.obj
k:\ood\proj2\codeanalyzerex\analyzer\x64\debug\utilities.obj
k:\ood\proj2\codeanalyzerex\analyzer\x64\debug\depanal.obj
k:\ood\proj2\codeanalyzerex\analyzer\x64\debug\executive.obj
k:\ood\proj2\codeanalyzerex\x64\debug\codeanalyzer.ilk
k:\ood\proj2\codeanalyzerex\x64\debug\codeanalyzer.exe
k:\ood\proj2\codeanalyzerex\x64\debug\codeanalyzer.pdb
k:\ood\proj2\codeanalyzerex\analyzer\x64\debug\codeanalyzer.tlog\cl.command.1.tlog
k:\ood\proj2\codeanalyzerex\analyzer\x64\debug\codeanalyzer.tlog\cl.read.1.tlog
k:\ood\proj2\codeanalyzerex\analyzer\x64\debug\codeanalyzer.tlog\cl.write.1.tlog
k:\ood\proj2\codeanalyzerex\analyzer\x64\debug\codeanalyzer.tlog\link.command.1.tlog
k:\ood\proj2\codeanalyzerex\analyzer\x64\debug\codeanalyzer.tlog\link.read.1.tlog
k:\ood\proj2\codeanalyzerex\analyzer\x64\debug\codeanalyzer.tlog\link.write.1.tlog
