k:\ood\proj2\codeanalyzerex\parser\x64\debug\vc140.pdb
k:\ood\proj2\codeanalyzerex\parser\x64\debug\vc140.idb
k:\ood\proj2\codeanalyzerex\parser\x64\debug\abstrsyntree.obj
k:\ood\proj2\codeanalyzerex\parser\x64\debug\filesystem.obj
k:\ood\proj2\codeanalyzerex\parser\x64\debug\grammarhelpers.obj
k:\ood\proj2\codeanalyzerex\parser\x64\debug\logger.obj
k:\ood\proj2\codeanalyzerex\parser\x64\debug\scopestack.obj
k:\ood\proj2\codeanalyzerex\parser\x64\debug\semiexp.obj
k:\ood\proj2\codeanalyzerex\parser\x64\debug\tokenizer.obj
k:\ood\proj2\codeanalyzerex\parser\x64\debug\utilities.obj
k:\ood\proj2\codeanalyzerex\parser\x64\debug\actionsandrules.obj
k:\ood\proj2\codeanalyzerex\parser\x64\debug\configureparser.obj
k:\ood\proj2\codeanalyzerex\parser\x64\debug\parser.obj
k:\ood\proj2\codeanalyzerex\x64\debug\parser.ilk
k:\ood\proj2\codeanalyzerex\x64\debug\parser.exe
k:\ood\proj2\codeanalyzerex\x64\debug\parser.pdb
k:\ood\proj2\codeanalyzerex\parser\x64\debug\parser.tlog\cl.command.1.tlog
k:\ood\proj2\codeanalyzerex\parser\x64\debug\parser.tlog\cl.read.1.tlog
k:\ood\proj2\codeanalyzerex\parser\x64\debug\parser.tlog\cl.write.1.tlog
k:\ood\proj2\codeanalyzerex\parser\x64\debug\parser.tlog\link.command.1.tlog
k:\ood\proj2\codeanalyzerex\parser\x64\debug\parser.tlog\link.read.1.tlog
k:\ood\proj2\codeanalyzerex\parser\x64\debug\parser.tlog\link.write.1.tlog
