k:\ood\proj2\codeanalyzerex\analyzer\debug\vc140.pdb
k:\ood\proj2\codeanalyzerex\analyzer\debug\vc140.idb
k:\ood\proj2\codeanalyzerex\analyzer\debug\abstrsyntree.obj
k:\ood\proj2\codeanalyzerex\analyzer\debug\filemgr.obj
k:\ood\proj2\codeanalyzerex\analyzer\debug\filesystem.obj
k:\ood\proj2\codeanalyzerex\analyzer\debug\grammarhelpers.obj
k:\ood\proj2\codeanalyzerex\analyzer\debug\logger.obj
k:\ood\proj2\codeanalyzerex\analyzer\debug\actionsandrules.obj
k:\ood\proj2\codeanalyzerex\analyzer\debug\configureparser.obj
k:\ood\proj2\codeanalyzerex\analyzer\debug\parser.obj
k:\ood\proj2\codeanalyzerex\analyzer\debug\scopestack.obj
k:\ood\proj2\codeanalyzerex\analyzer\debug\semiexp.obj
k:\ood\proj2\codeanalyzerex\analyzer\debug\tokenizer.obj
k:\ood\proj2\codeanalyzerex\analyzer\debug\utilities.obj
k:\ood\proj2\codeanalyzerex\analyzer\debug\depanal.obj
k:\ood\proj2\codeanalyzerex\analyzer\debug\executive.obj
k:\ood\proj2\codeanalyzerex\debug\codeanalyzer.ilk
k:\ood\proj2\codeanalyzerex\debug\codeanalyzer.exe
k:\ood\proj2\codeanalyzerex\debug\codeanalyzer.pdb
k:\ood\proj2\codeanalyzerex\analyzer\debug\codeanalyzer.tlog\cl.command.1.tlog
k:\ood\proj2\codeanalyzerex\analyzer\debug\codeanalyzer.tlog\cl.read.1.tlog
k:\ood\proj2\codeanalyzerex\analyzer\debug\codeanalyzer.tlog\cl.write.1.tlog
k:\ood\proj2\codeanalyzerex\analyzer\debug\codeanalyzer.tlog\link.command.1.tlog
k:\ood\proj2\codeanalyzerex\analyzer\debug\codeanalyzer.tlog\link.read.1.tlog
k:\ood\proj2\codeanalyzerex\analyzer\debug\codeanalyzer.tlog\link.write.1.tlog
